2017-08-09 18:14:50   INFO   10013 Creating credentials 


2017-08-09 18:14:52   INFO   10013 Credentials created 


2017-08-09 18:14:52   INFO   10013 Creating client libraries f5a67d06-2d09-4090-91cc-e3298907a021 


2017-08-09 18:15:01   INFO   2ea1394a-5a14-40da-8243-074a699a1ba6 - TokenRequest:Getting token with client credentials.
2017-08-09 18:15:02   INFO   2ea1394a-5a14-40da-8243-074a699a1ba6 - OAuth2Client:Get Token Server returned this correlation_id: 2ea1394a-5a14-40da-8243-074a699a1ba6
2017-08-09 18:15:02   INFO   10013 Creating client libraries: complete 


2017-08-09 18:15:02   INFO   10013 Listing all VMs 


2017-08-09 18:15:03   INFO   10013 Creating credentials 


2017-08-09 18:15:04   INFO   10013 Credentials created 


2017-08-09 18:15:04   INFO   10013 Creating client libraries f5a67d06-2d09-4090-91cc-e3298907a021 


2017-08-09 18:15:14   INFO   f3437840-e595-4f39-b43d-d202fe36c7fa - TokenRequest:Getting token with client credentials.
2017-08-09 18:15:15   INFO   f3437840-e595-4f39-b43d-d202fe36c7fa - OAuth2Client:Get Token Server returned this correlation_id: f3437840-e595-4f39-b43d-d202fe36c7fa
2017-08-09 18:15:15   INFO   10013 Creating client libraries: complete 


2017-08-09 18:15:15   INFO   10013 Listing all VMs 


2017-08-09 18:15:42   WARNING   Connection pool is full, discarding connection: management.azure.com
2017-08-09 18:15:43   WARNING   Connection pool is full, discarding connection: management.azure.com
2017-08-09 18:15:43   WARNING   Connection pool is full, discarding connection: management.azure.com
2017-08-09 18:15:43   WARNING   Connection pool is full, discarding connection: management.azure.com
2017-08-09 18:15:43   WARNING   Connection pool is full, discarding connection: management.azure.com
2017-08-09 18:15:43   WARNING   Connection pool is full, discarding connection: management.azure.com
2017-08-09 18:15:43   WARNING   Connection pool is full, discarding connection: management.azure.com
2017-08-09 18:15:44   WARNING   Connection pool is full, discarding connection: management.azure.com
2017-08-09 18:15:44   WARNING   Connection pool is full, discarding connection: management.azure.com
2017-08-09 18:15:44   WARNING   Connection pool is full, discarding connection: management.azure.com
2017-08-09 18:15:44   WARNING   Connection pool is full, discarding connection: management.azure.com
2017-08-09 18:15:44   WARNING   Connection pool is full, discarding connection: management.azure.com
2017-08-09 18:15:44   WARNING   Connection pool is full, discarding connection: management.azure.com
2017-08-09 18:15:53   WARNING   Connection pool is full, discarding connection: management.azure.com
2017-08-09 18:15:53   INFO   10013 VM list result queued


